c:\users\kelly\source\repos\analizador\analizador\debug\vc143.pdb
c:\users\kelly\source\repos\analizador\analizador\debug\.netframework,version=v4.7.2.assemblyattributes.obj
c:\users\kelly\source\repos\analizador\analizador\debug\lexico.obj
c:\users\kelly\source\repos\analizador\analizador\debug\myform.obj
c:\users\kelly\source\repos\analizador\analizador\debug\main.obj
c:\users\kelly\source\repos\analizador\analizador\debug\sintactico.obj
c:\users\kelly\source\repos\analizador\debug\analizador.exe
c:\users\kelly\source\repos\analizador\debug\analizador.pdb
c:\users\kelly\source\repos\analizador\analizador\debug\analizador.tlog\cl.command.1.tlog
c:\users\kelly\source\repos\analizador\analizador\debug\analizador.tlog\cl.items.tlog
c:\users\kelly\source\repos\analizador\analizador\debug\analizador.tlog\cl.read.1.tlog
c:\users\kelly\source\repos\analizador\analizador\debug\analizador.tlog\cl.write.1.tlog
c:\users\kelly\source\repos\analizador\analizador\debug\analizador.tlog\link.command.1.tlog
c:\users\kelly\source\repos\analizador\analizador\debug\analizador.tlog\link.read.1.tlog
c:\users\kelly\source\repos\analizador\analizador\debug\analizador.tlog\link.secondary.1.tlog
c:\users\kelly\source\repos\analizador\analizador\debug\analizador.tlog\link.write.1.tlog
c:\users\kelly\source\repos\analizador\analizador\debug\analizador.tlog\metagen.read.1.tlog
c:\users\kelly\source\repos\analizador\analizador\debug\analizador.tlog\metagen.write.1.tlog
c:\users\kelly\source\repos\analizador\analizador\debug\analizador.tlog\resgen.command.1.tlog
c:\users\kelly\source\repos\analizador\analizador\debug\analizador.tlog\resgen.read.1.tlog
c:\users\kelly\source\repos\analizador\analizador\debug\analizador.tlog\resgen.write.1.tlog
